Arguments: 
  C:\Program Files\nodejs\node.exe C:\Users\murak\AppData\Roaming\npm\node_modules\yarn\bin\yarn.js add --dev prettier @prettier/plugin-ruby`

PATH: 
  C:\WINDOWS\system32;C:\WINDOWS;C:\WINDOWS\System32\Wbem;C:\WINDOWS\System32\WindowsPowerShell\v1.0\;C:\WINDOWS\System32\OpenSSH\;C:\Program Files\dotnet\;C:\Program Files\nodejs\;C:\Program Files\PostgreSQL\14\bin;C:\Users\murak\python.exe;C:\Program Files\TortoiseGit\bin;C:\Program Files\Git\cmd;C:\Ruby31-x64\bin;C:\Users\murak\anaconda3;C:\Users\murak\anaconda3\Library\mingw-w64\bin;C:\Users\murak\anaconda3\Library\usr\bin;C:\Users\murak\anaconda3\Library\bin;C:\Users\murak\anaconda3\Scripts;C:\Users\murak\AppData\Local\Microsoft\WindowsApps;C:\Program Files\heroku\bin;C:\Program Files\Graphviz\bin;C:\Users\murak\AppData\Roaming\npm;C:\Users\murak\AppData\Local\Programs\Microsoft VS Code\bin

Yarn version: 
  1.22.19

Node version: 
  16.14.2

Platform: 
  win32 x64

Trace: 
  Error: https://registry.yarnpkg.com/@prettier%2fplugin-ruby%60: Not found
      at Request.params.callback [as _callback] (C:\Users\murak\AppData\Roaming\npm\node_modules\yarn\lib\cli.js:66145:18)
      at Request.self.callback (C:\Users\murak\AppData\Roaming\npm\node_modules\yarn\lib\cli.js:140890:22)
      at Request.emit (node:events:526:28)
      at Request.<anonymous> (C:\Users\murak\AppData\Roaming\npm\node_modules\yarn\lib\cli.js:141862:10)
      at Request.emit (node:events:526:28)
      at IncomingMessage.<anonymous> (C:\Users\murak\AppData\Roaming\npm\node_modules\yarn\lib\cli.js:141784:12)
      at Object.onceWrapper (node:events:645:28)
      at IncomingMessage.emit (node:events:538:35)
      at endReadableNT (node:internal/streams/readable:1345:12)
      at processTicksAndRejections (node:internal/process/task_queues:83:21)

npm manifest: 
  {
    "devDependencies": {
      "@prettier/plugin-ruby": "^3.1.2",
      "prettier": "^2.7.1"
    }
  }

yarn manifest: 
  No manifest

Lockfile: 
  # THIS IS AN AUTOGENERATED FILE. DO NOT EDIT THIS FILE DIRECTLY.
  # yarn lockfile v1
  
  
  "@prettier/plugin-ruby@^3.1.2":
    "integrity" "sha512-0riBsZYu9MEdWgiZPKpZTdCbvLOk01xTvOs1wJbO7Hw4Fd/rX4Qhz+qsgJm+zloO99Zng88OQy96nSb6KUQHZg=="
    "resolved" "https://registry.npmjs.org/@prettier/plugin-ruby/-/plugin-ruby-3.1.2.tgz"
    "version" "3.1.2"
    dependencies:
      "prettier" ">=2.3.0"
  
  "prettier@^2.7.1", "prettier@>=2.3.0":
    "integrity" "sha512-ujppO+MkdPqoVINuDFDRLClm7D78qbDt0/NR+wp5FqEZOoTNAjPHWj17QRhu7geIHJfcNhRk1XVQmF8Bp3ye+g=="
    "resolved" "https://registry.npmjs.org/prettier/-/prettier-2.7.1.tgz"
    "version" "2.7.1"
